<?xml version="1.0" encoding="UTF-8"?>
<testng-results ignored="0" total="4" passed="4" failed="0" skipped="0">
  <reporter-output>
  </reporter-output>
  <suite started-at="2026-05-29T12:35:24 IST" name="Default suite" finished-at="2026-05-29T12:36:23 IST" duration-ms="59492">
    <groups>
      <group name="cucumber">
        <method signature="AbstractTestNGCucumberTests.runScenario(io.cucumber.testng.PickleWrapper,io.cucumber.testng.FeatureWrapper)[pri:0, instance:Runner.TestRunner@13b6aecc]" name="runScenario" class="io.cucumber.testng.AbstractTestNGCucumberTests"/>
      </group> <!-- cucumber -->
    </groups>
    <test started-at="2026-05-29T12:35:24 IST" name="Default test" finished-at="2026-05-29T12:36:23 IST" duration-ms="59492">
      <class name="Runner.TestRunner">
        <test-method is-config="true" signature="setUpClass(org.testng.ITestContext)[pri:0, instance:Runner.TestRunner@13b6aecc]" started-at="2026-05-29T12:35:24 IST" name="setUpClass" finished-at="2026-05-29T12:35:24 IST" duration-ms="738" status="PASS">
          <params>
            <param index="0">
              <value>
                <![CDATA[org.testng.TestRunner@29896529]]>
              </value>
            </param>
          </params>
          <reporter-output>
          </reporter-output>
        </test-method> <!-- setUpClass -->
        <test-method signature="runScenario(io.cucumber.testng.PickleWrapper,io.cucumber.testng.FeatureWrapper)[pri:0, instance:Runner.TestRunner@13b6aecc]" started-at="2026-05-29T12:35:24 IST" name="runScenario" description="Runs Cucumber Scenarios" data-provider="scenarios" finished-at="2026-05-29T12:35:34 IST" duration-ms="9360" status="PASS">
          <params>
            <param index="0">
              <value>
                <![CDATA["Verify successful bus search with valid locations and travel date"]]>
              </value>
            </param>
            <param index="1">
              <value>
                <![CDATA["Bus Search Functionality"]]>
              </value>
            </param>
          </params>
          <reporter-output>
          </reporter-output>
        </test-method> <!-- runScenario -->
        <test-method signature="runScenario(io.cucumber.testng.PickleWrapper,io.cucumber.testng.FeatureWrapper)[pri:0, instance:Runner.TestRunner@13b6aecc]" started-at="2026-05-29T12:35:34 IST" name="runScenario" description="Runs Cucumber Scenarios" data-provider="scenarios" finished-at="2026-05-29T12:35:46 IST" duration-ms="12437" status="PASS">
          <params>
            <param index="0">
              <value>
                <![CDATA["Verify that the user is able to view available bus seats successfully"]]>
              </value>
            </param>
            <param index="1">
              <value>
                <![CDATA["View seats Functionality"]]>
              </value>
            </param>
          </params>
          <reporter-output>
          </reporter-output>
        </test-method> <!-- runScenario -->
        <test-method signature="runScenario(io.cucumber.testng.PickleWrapper,io.cucumber.testng.FeatureWrapper)[pri:0, instance:Runner.TestRunner@13b6aecc]" started-at="2026-05-29T12:35:46 IST" name="runScenario" description="Runs Cucumber Scenarios" data-provider="scenarios" finished-at="2026-05-29T12:36:02 IST" duration-ms="15900" status="PASS">
          <params>
            <param index="0">
              <value>
                <![CDATA["Verify the seat selection and Choose board and drop location"]]>
              </value>
            </param>
            <param index="1">
              <value>
                <![CDATA["Seat booking and Boarding Functionality"]]>
              </value>
            </param>
          </params>
          <reporter-output>
          </reporter-output>
        </test-method> <!-- runScenario -->
        <test-method signature="runScenario(io.cucumber.testng.PickleWrapper,io.cucumber.testng.FeatureWrapper)[pri:0, instance:Runner.TestRunner@13b6aecc]" started-at="2026-05-29T12:36:02 IST" name="runScenario" description="Runs Cucumber Scenarios" data-provider="scenarios" finished-at="2026-05-29T12:36:23 IST" duration-ms="20948" status="PASS">
          <params>
            <param index="0">
              <value>
                <![CDATA["Verify that user fill their details in their field"]]>
              </value>
            </param>
            <param index="1">
              <value>
                <![CDATA["personal details of the user for booking functionality"]]>
              </value>
            </param>
          </params>
          <reporter-output>
          </reporter-output>
        </test-method> <!-- runScenario -->
        <test-method is-config="true" signature="tearDownClass()[pri:0, instance:Runner.TestRunner@13b6aecc]" started-at="2026-05-29T12:36:23 IST" name="tearDownClass" finished-at="2026-05-29T12:36:23 IST" duration-ms="33" status="PASS">
          <reporter-output>
          </reporter-output>
        </test-method> <!-- tearDownClass -->
      </class> <!-- Runner.TestRunner -->
    </test> <!-- Default test -->
  </suite> <!-- Default suite -->
</testng-results>
