<?xml version="1.0" encoding="UTF-8"?>
<!-- Generated by org.testng.reporters.JUnitReportReporter -->
<testsuite hostname="LAPTOP-AUJT94P8" failures="0" tests="4" name="Runner.TestRunner" time="64.805" errors="0" timestamp="2026-05-29T12:54:29 IST" skipped="0">
  <testcase classname="Runner.TestRunner" name="runScenario" time="13.358"/>
  <testcase classname="Runner.TestRunner" name="runScenario" time="21.334"/>
  <testcase classname="Runner.TestRunner" name="runScenario" time="17.168"/>
  <testcase classname="Runner.TestRunner" name="runScenario" time="12.945"/>
</testsuite> <!-- Runner.TestRunner -->
