<?xml version="1.0" encoding="UTF-8"?>
<!-- Generated by org.testng.reporters.JUnitReportReporter -->
<testsuite hostname="LAPTOP-AUJT94P8" failures="0" tests="4" name="Runner.TestRunner" time="50.256" errors="0" timestamp="2026-05-29T12:21:56 IST" skipped="0">
  <testcase classname="Runner.TestRunner" name="runScenario" time="7.786"/>
  <testcase classname="Runner.TestRunner" name="runScenario" time="17.887"/>
  <testcase classname="Runner.TestRunner" name="runScenario" time="14.760"/>
  <testcase classname="Runner.TestRunner" name="runScenario" time="9.823"/>
</testsuite> <!-- Runner.TestRunner -->
